Arguments: 
  /usr/local/bin/node /usr/local/bin/yarn install

PATH: 
  /usr/local/bin:/usr/bin:/bin:/usr/sbin:/sbin:/opt/X11/bin:/usr/local/go/bin:/usr/local/MacGPG2/bin

Yarn version: 
  1.6.0

Node version: 
  8.9.3

Platform: 
  darwin x64

Trace: 
  SyntaxError: /Users/Zan/Desktop/SKYLAB/skylab-collab/skylab-bootcamp-201804/staff/muyzan/partygoer/server/logic/package.json: Unexpected end of JSON input
      at JSON.parse (<anonymous>)
      at /usr/local/lib/node_modules/yarn/lib/cli.js:1130:59
      at Generator.next (<anonymous>)
      at step (/usr/local/lib/node_modules/yarn/lib/cli.js:98:30)
      at /usr/local/lib/node_modules/yarn/lib/cli.js:109:13
      at <anonymous>

npm manifest: 
  {
      "name": "api",
      "version": "1.0.0",
      "description": "",
      "main": "index.js",
      "scripts": {
        "test": "echo \"Error: no test specified\" && exit 1"
      },
      "keywords": [],
      "author": "",
      "license": "ISC",
      "dependencies": {
        "body-parser": "^1.18.3",
        "express": "^4.16.3",
        "mongoose": "^5.1.3",
        "pg-data": "file:../data/",
        "pg-logic": "file:../logic/",
        "routes": "^2.1.0"
      }
    }

yarn manifest: 
  No manifest

Lockfile: 
  No lockfile
